[debug] [2022-06-09T17:20:43.244Z] ----------------------------------------------------------------------
[debug] [2022-06-09T17:20:43.246Z] Command:       C:\Program Files\nodejs\node.exe C:\Users\User\AppData\Roaming\npm\node_modules\firebase-tools\lib\bin\firebase.js init
[debug] [2022-06-09T17:20:43.246Z] CLI Version:   10.9.2
[debug] [2022-06-09T17:20:43.246Z] Platform:      win32
[debug] [2022-06-09T17:20:43.246Z] Node Version:  v14.17.0
[debug] [2022-06-09T17:20:43.247Z] Time:          Thu Jun 09 2022 23:20:43 GMT+0600 (Bangladesh Standard Time)
[debug] [2022-06-09T17:20:43.247Z] ----------------------------------------------------------------------
[debug] 
[debug] [2022-06-09T17:20:43.306Z] > command requires scopes: ["email","openid","https://www.googleapis.com/auth/cloudplatformprojects.readonly","https://www.googleapis.com/auth/firebase","https://www.googleapis.com/auth/cloud-platform"]
[debug] [2022-06-09T17:20:43.307Z] > authorizing via signed-in user (mdshourov5596@gmail.com)
[info] 
     ######## #### ########  ######## ########     ###     ######  ########
     ##        ##  ##     ## ##       ##     ##  ##   ##  ##       ##
     ######    ##  ########  ######   ########  #########  ######  ######
     ##        ##  ##    ##  ##       ##     ## ##     ##       ## ##
     ##       #### ##     ## ######## ########  ##     ##  ######  ########

You're about to initialize a Firebase project in this directory:

  C:\Users\User\Desktop\Mostofa-dev

Before we get started, keep in mind:

  * You are initializing within an existing Firebase project directory

